<?xml version="1.0" encoding="UTF-8"?>
<testsuite xmlns:xsi="http://www.w3.org/2001/XMLSchema-instance" xsi:noNamespaceSchemaLocation="https://maven.apache.org/surefire/maven-surefire-plugin/xsd/surefire-test-report.xsd" name="com.pdsu.impl.StudentServiceImplTest" time="0.037" tests="1" errors="1" skipped="0" failures="0">
  <properties>
[...]
</properties>
  <testcase name="testDynamicQuery" classname="com.pdsu.impl.StudentServiceImplTest" time="0.009">
    <error message="com/pdsu/po/Student" type="java.lang.NoClassDefFoundError">java.lang.NoClassDefFoundError: com/pdsu/po/Student
	at com.pdsu.impl.StudentServiceImplTest.testDynamicQuery(StudentServiceImplTest.java:21)
Caused by: java.lang.ClassNotFoundException: com.pdsu.po.Student
	at com.pdsu.impl.StudentServiceImplTest.testDynamicQuery(StudentServiceImplTest.java:21)
</error>
  </testcase>
</testsuite>